# JRE version: Java(TM) SE Runtime Environment (24.0.2+12) (build 24.0.2+12-54)
# Java VM: Java HotSpot(TM) 64-Bit Server VM (24.0.2+12-54, mixed mode, emulated-client, sharing, tiered, compressed oops, compressed class ptrs, g1 gc, windows-amd64)
GC Precious Log:
 CardTable entry size: 512
 Card Set container configuration: InlinePtr #cards 4 size 8 Array Of Cards #cards 16 size 48 Howl #buckets 8 coarsen threshold 3686 Howl Bitmap #cards 512 size 80 coarsen threshold 460 Card regions per heap region 1 cards per card region 4096
 CPUs: 12 total, 12 available
 Memory: 16016M
 Large Page Support: Disabled
 NUMA Support: Disabled
 Compressed Oops: Enabled (Zero based)
 Heap Region Size: 2M
 Heap Min Capacity: 8M
 Heap Initial Capacity: 252M
 Heap Max Capacity: 4006M
 Pre-touch: Disabled
 Parallel Workers: 10
 Concurrent Workers: 3
 Concurrent Refinement Workers: 10
 Periodic GC: Disabled
Heap:
 garbage-first heap   total reserved 4102144K, committed 69632K, used 35558K [0x0000000705a00000, 0x0000000800000000)
  region size 2048K, 2 young (4096K), 2 survivors (4096K)
 Metaspace       used 77433K, committed 77952K, reserved 1179648K
  class space    used 8939K, committed 9152K, reserved 1048576K
GC Heap History (20 events):
Event: 5.066 GC heap after
{Heap after GC invocations=4 (full 0):
 garbage-first heap   total reserved 4102144K, committed 69632K, used 18778K [0x0000000705a00000, 0x0000000800000000)
  region size 2048K, 7 young (14336K), 7 survivors (14336K)
 Metaspace       used 25939K, committed 26304K, reserved 1114112K
  class space    used 2865K, committed 3008K, reserved 1048576K
}
Event: 6.041 GC heap before
{Heap before GC invocations=4 (full 0):
 garbage-first heap   total reserved 4102144K, committed 69632K, used 45402K [0x0000000705a00000, 0x0000000800000000)
  region size 2048K, 20 young (40960K), 7 survivors (14336K)
 Metaspace       used 28811K, committed 29120K, reserved 1114112K
  class space    used 3204K, committed 3328K, reserved 1048576K
}
Event: 6.073 GC heap after
{Heap after GC invocations=5 (full 0):
 garbage-first heap   total reserved 4102144K, committed 69632K, used 21473K [0x0000000705a00000, 0x0000000800000000)
  region size 2048K, 2 young (4096K), 2 survivors (4096K)
 Metaspace       used 28811K, committed 29120K, reserved 1114112K
  class space    used 3204K, committed 3328K, reserved 1048576K
}
Event: 6.962 GC heap before
{Heap before GC invocations=5 (full 0):
 garbage-first heap   total reserved 4102144K, committed 69632K, used 48097K [0x0000000705a00000, 0x0000000800000000)
  region size 2048K, 16 young (32768K), 2 survivors (4096K)
 Metaspace       used 33029K, committed 33472K, reserved 1114112K
  class space    used 3737K, committed 3968K, reserved 1048576K
}
Event: 6.971 GC heap after
{Heap after GC invocations=6 (full 0):
 garbage-first heap   total reserved 4102144K, committed 69632K, used 23715K [0x0000000705a00000, 0x0000000800000000)
  region size 2048K, 2 young (4096K), 2 survivors (4096K)
 Metaspace       used 33029K, committed 33472K, reserved 1114112K
  class space    used 3737K, committed 3968K, reserved 1048576K
}
Event: 7.439 GC heap before
{Heap before GC invocations=6 (full 0):
 garbage-first heap   total reserved 4102144K, committed 69632K, used 36003K [0x0000000705a00000, 0x0000000800000000)
  region size 2048K, 9 young (18432K), 2 survivors (4096K)
 Metaspace       used 35617K, committed 36096K, reserved 1114112K
  class space    used 3994K, committed 4224K, reserved 1048576K
}
Event: 7.446 GC heap after
{Heap after GC invocations=7 (full 0):
 garbage-first heap   total reserved 4102144K, committed 69632K, used 24911K [0x0000000705a00000, 0x0000000800000000)
  region size 2048K, 2 young (4096K), 2 survivors (4096K)
 Metaspace       used 35617K, committed 36096K, reserved 1114112K
  class space    used 3994K, committed 4224K, reserved 1048576K
}
Event: 8.709 GC heap before
{Heap before GC invocations=8 (full 0):
 garbage-first heap   total reserved 4102144K, committed 69632K, used 55631K [0x0000000705a00000, 0x0000000800000000)
  region size 2048K, 17 young (34816K), 2 survivors (4096K)
 Metaspace       used 46528K, committed 47040K, reserved 1114112K
  class space    used 5130K, committed 5376K, reserved 1048576K
}
Event: 8.717 GC heap after
{Heap after GC invocations=9 (full 0):
 garbage-first heap   total reserved 4102144K, committed 69632K, used 27740K [0x0000000705a00000, 0x0000000800000000)
  region size 2048K, 2 young (4096K), 2 survivors (4096K)
 Metaspace       used 46528K, committed 47040K, reserved 1114112K
  class space    used 5130K, committed 5376K, reserved 1048576K
}
Event: 9.528 GC heap before
{Heap before GC invocations=9 (full 0):
 garbage-first heap   total reserved 4102144K, committed 69632K, used 54364K [0x0000000705a00000, 0x0000000800000000)
  region size 2048K, 16 young (32768K), 2 survivors (4096K)
 Metaspace       used 52176K, committed 52672K, reserved 1114112K
  class space    used 5857K, committed 6080K, reserved 1048576K
}
Event: 9.535 GC heap after
{Heap after GC invocations=10 (full 0):
 garbage-first heap   total reserved 4102144K, committed 69632K, used 29273K [0x0000000705a00000, 0x0000000800000000)
  region size 2048K, 2 young (4096K), 2 survivors (4096K)
 Metaspace       used 52176K, committed 52672K, reserved 1114112K
  class space    used 5857K, committed 6080K, reserved 1048576K
}
Event: 10.204 GC heap before
{Heap before GC invocations=10 (full 0):
 garbage-first heap   total reserved 4102144K, committed 69632K, used 57945K [0x0000000705a00000, 0x0000000800000000)
  region size 2048K, 16 young (32768K), 2 survivors (4096K)
 Metaspace       used 59716K, committed 60288K, reserved 1114112K
  class space    used 6679K, committed 6912K, reserved 1048576K
}
Event: 10.210 GC heap after
{Heap after GC invocations=11 (full 0):
 garbage-first heap   total reserved 4102144K, committed 69632K, used 30590K [0x0000000705a00000, 0x0000000800000000)
  region size 2048K, 1 young (2048K), 1 survivors (2048K)
 Metaspace       used 59716K, committed 60288K, reserved 1114112K
  class space    used 6679K, committed 6912K, reserved 1048576K
}
Event: 10.241 GC heap before
{Heap before GC invocations=11 (full 0):
 garbage-first heap   total reserved 4102144K, committed 69632K, used 30590K [0x0000000705a00000, 0x0000000800000000)
  region size 2048K, 2 young (4096K), 1 survivors (2048K)
 Metaspace       used 60032K, committed 60608K, reserved 1114112K
  class space    used 6712K, committed 6976K, reserved 1048576K
}
Event: 10.245 GC heap after
{Heap after GC invocations=12 (full 0):
 garbage-first heap   total reserved 4102144K, committed 69632K, used 30641K [0x0000000705a00000, 0x0000000800000000)
  region size 2048K, 1 young (2048K), 1 survivors (2048K)
 Metaspace       used 60032K, committed 60608K, reserved 1114112K
  class space    used 6712K, committed 6976K, reserved 1048576K
}
Event: 11.124 GC heap before
{Heap before GC invocations=13 (full 0):
 garbage-first heap   total reserved 4102144K, committed 69632K, used 57265K [0x0000000705a00000, 0x0000000800000000)
  region size 2048K, 15 young (30720K), 1 survivors (2048K)
 Metaspace       used 68060K, committed 68608K, reserved 1114112K
  class space    used 7693K, committed 7936K, reserved 1048576K
}
Event: 11.130 GC heap after
{Heap after GC invocations=14 (full 0):
 garbage-first heap   total reserved 4102144K, committed 69632K, used 31840K [0x0000000705a00000, 0x0000000800000000)
  region size 2048K, 2 young (4096K), 2 survivors (4096K)
 Metaspace       used 68060K, committed 68608K, reserved 1114112K
  class space    used 7693K, committed 7936K, reserved 1048576K
}
Event: 12.016 GC heap before
{Heap before GC invocations=14 (full 0):
 garbage-first heap   total reserved 4102144K, committed 69632K, used 54368K [0x0000000705a00000, 0x0000000800000000)
  region size 2048K, 14 young (28672K), 2 survivors (4096K)
 Metaspace       used 72796K, committed 73344K, reserved 1114112K
  class space    used 8210K, committed 8448K, reserved 1048576K
}
Event: 12.026 GC heap after
{Heap after GC invocations=15 (full 0):
 garbage-first heap   total reserved 4102144K, committed 69632K, used 33225K [0x0000000705a00000, 0x0000000800000000)
  region size 2048K, 2 young (4096K), 2 survivors (4096K)
 Metaspace       used 72796K, committed 73344K, reserved 1114112K
  class space    used 8210K, committed 8448K, reserved 1048576K
}
Event: 12.666 GC heap before
{Heap before GC invocations=15 (full 0):
 garbage-first heap   total reserved 4102144K, committed 69632K, used 57801K [0x0000000705a00000, 0x0000000800000000)
  region size 2048K, 14 young (28672K), 2 survivors (4096K)
 Metaspace       used 77433K, committed 77952K, reserved 1179648K
  class space    used 8939K, committed 9152K, reserved 1048576K
}

